mode: set
TenderServiceApi/internal/config/config.go:34.25,37.22 2 0
TenderServiceApi/internal/config/config.go:37.22,39.3 1 0
TenderServiceApi/internal/config/config.go:41.2,41.55 1 0
TenderServiceApi/internal/config/config.go:41.55,43.3 1 0
TenderServiceApi/internal/config/config.go:45.2,47.62 2 0
TenderServiceApi/internal/config/config.go:47.62,49.3 1 0
TenderServiceApi/internal/config/config.go:51.2,51.13 1 0
TenderServiceApi/internal/handlers/tender/create/handler.go:29.75,33.2 1 0
TenderServiceApi/internal/handlers/tender/create/handler.go:35.51,37.2 1 0
TenderServiceApi/internal/handlers/tender/create/handler.go:39.66,40.33 1 0
TenderServiceApi/internal/handlers/tender/create/handler.go:40.33,43.3 2 0
TenderServiceApi/internal/handlers/tender/create/handler.go:45.2,46.16 2 0
TenderServiceApi/internal/handlers/tender/create/handler.go:46.16,50.3 3 0
TenderServiceApi/internal/handlers/tender/create/handler.go:51.2,51.17 1 0
TenderServiceApi/internal/handlers/tender/create/handler.go:51.17,54.3 2 0
TenderServiceApi/internal/handlers/tender/create/handler.go:56.2,58.16 3 0
TenderServiceApi/internal/handlers/tender/create/handler.go:58.16,62.3 3 0
TenderServiceApi/internal/handlers/tender/create/handler.go:64.2,66.16 3 0
TenderServiceApi/internal/handlers/tender/create/handler.go:66.16,70.3 3 0
TenderServiceApi/internal/handlers/tender/create/handler.go:72.2,73.35 2 0
TenderServiceApi/internal/handlers/tender/create/handler.go:73.35,77.3 3 0
TenderServiceApi/internal/handlers/tender/create/handler.go:78.2,78.16 1 0
TenderServiceApi/internal/handlers/tender/create/handler.go:78.16,82.3 3 0
TenderServiceApi/internal/handlers/tender/create/handler.go:84.2,86.16 3 0
TenderServiceApi/internal/handlers/tender/create/handler.go:86.16,90.3 3 0
TenderServiceApi/internal/handlers/tender/create/handler.go:92.2,93.16 2 0
TenderServiceApi/internal/handlers/tender/create/handler.go:93.16,97.3 3 0
TenderServiceApi/internal/handlers/tender/create/handler.go:99.2,99.30 1 0
TenderServiceApi/cmd/tender-service-api/main.go:28.13,36.16 5 0
TenderServiceApi/cmd/tender-service-api/main.go:36.16,39.3 2 0
TenderServiceApi/cmd/tender-service-api/main.go:41.2,44.16 3 0
TenderServiceApi/cmd/tender-service-api/main.go:44.16,47.3 2 0
TenderServiceApi/cmd/tender-service-api/main.go:49.2,70.36 17 0
TenderServiceApi/cmd/tender-service-api/main.go:73.98,83.12 3 0
TenderServiceApi/cmd/tender-service-api/main.go:83.12,84.87 1 0
TenderServiceApi/cmd/tender-service-api/main.go:84.87,86.4 1 0
TenderServiceApi/cmd/tender-service-api/main.go:89.2,92.42 3 0
TenderServiceApi/cmd/tender-service-api/main.go:92.42,94.3 1 0
TenderServiceApi/cmd/tender-service-api/main.go:96.2,96.19 1 0
TenderServiceApi/cmd/tender-service-api/main.go:99.52,103.16 4 0
TenderServiceApi/cmd/tender-service-api/main.go:103.16,105.3 1 0
TenderServiceApi/cmd/tender-service-api/main.go:106.2,108.8 1 0
TenderServiceApi/cmd/tender-service-api/serv.go:131.14,145.16 5 0
TenderServiceApi/cmd/tender-service-api/serv.go:145.16,146.13 1 0
TenderServiceApi/cmd/tender-service-api/serv.go:148.2,150.16 3 0
TenderServiceApi/cmd/tender-service-api/serv.go:150.16,151.13 1 0
TenderServiceApi/cmd/tender-service-api/serv.go:154.2,157.16 3 0
TenderServiceApi/cmd/tender-service-api/serv.go:157.16,160.3 2 0
TenderServiceApi/cmd/tender-service-api/serv.go:161.2,163.25 3 0
TenderServiceApi/internal/repository/employee/employee.go:18.45,20.2 1 0
TenderServiceApi/internal/repository/employee/employee.go:22.88,25.18 3 0
TenderServiceApi/internal/repository/employee/employee.go:25.18,27.3 1 0
TenderServiceApi/internal/repository/employee/employee.go:29.2,33.35 3 0
TenderServiceApi/internal/repository/employee/employee.go:33.35,35.3 1 0
TenderServiceApi/internal/repository/employee/employee.go:37.2,37.16 1 0
TenderServiceApi/internal/repository/employee/employee.go:37.16,39.3 1 0
TenderServiceApi/internal/repository/employee/employee.go:41.2,41.25 1 0
TenderServiceApi/internal/repository/employee/employee.go:44.100,47.24 3 0
TenderServiceApi/internal/repository/employee/employee.go:47.24,49.3 1 0
TenderServiceApi/internal/repository/employee/employee.go:51.2,55.35 3 0
TenderServiceApi/internal/repository/employee/employee.go:55.35,57.3 1 0
TenderServiceApi/internal/repository/employee/employee.go:59.2,59.16 1 0
TenderServiceApi/internal/repository/employee/employee.go:59.16,61.3 1 0
TenderServiceApi/internal/repository/employee/employee.go:63.2,63.25 1 0
TenderServiceApi/internal/repository/employee/employee.go:68.68,73.2 4 0
TenderServiceApi/internal/repository/employee/type.go:14.40,21.2 1 0
TenderServiceApi/internal/storage/postgres/postgres.go:15.69,19.16 3 0
TenderServiceApi/internal/storage/postgres/postgres.go:19.16,21.3 1 0
TenderServiceApi/internal/storage/postgres/postgres.go:22.2,23.16 2 0
TenderServiceApi/internal/storage/postgres/postgres.go:23.16,25.3 1 0
TenderServiceApi/internal/storage/postgres/postgres.go:26.2,27.16 2 0
TenderServiceApi/internal/storage/postgres/postgres.go:27.16,29.3 1 0
TenderServiceApi/internal/storage/postgres/postgres.go:31.2,31.30 1 0
TenderServiceApi/internal/storage/postgres/postgres.go:34.27,36.2 1 0
TenderServiceApi/internal/repository/tender/tender.go:19.45,21.2 1 0
TenderServiceApi/internal/repository/tender/tender.go:23.97,29.26 5 0
TenderServiceApi/internal/repository/tender/tender.go:29.26,33.3 3 0
TenderServiceApi/internal/repository/tender/tender.go:35.2,35.27 1 0
TenderServiceApi/internal/repository/tender/tender.go:35.27,38.3 2 0
TenderServiceApi/internal/repository/tender/tender.go:39.2,39.35 1 0
TenderServiceApi/internal/repository/tender/tender.go:39.35,41.3 1 0
TenderServiceApi/internal/repository/tender/tender.go:43.2,43.16 1 0
TenderServiceApi/internal/repository/tender/tender.go:43.16,45.3 1 0
TenderServiceApi/internal/repository/tender/tender.go:47.2,47.18 1 0
TenderServiceApi/internal/repository/tender/tender.go:47.18,49.17 2 0
TenderServiceApi/internal/repository/tender/tender.go:49.17,51.4 1 0
TenderServiceApi/internal/repository/tender/tender.go:52.3,52.36 1 0
TenderServiceApi/internal/repository/tender/tender.go:55.2,55.21 1 0
TenderServiceApi/internal/repository/tender/tender.go:58.100,66.35 7 0
TenderServiceApi/internal/repository/tender/tender.go:66.35,68.3 1 0
TenderServiceApi/internal/repository/tender/tender.go:69.2,69.16 1 0
TenderServiceApi/internal/repository/tender/tender.go:69.16,71.3 1 0
TenderServiceApi/internal/repository/tender/tender.go:73.2,73.18 1 0
TenderServiceApi/internal/repository/tender/tender.go:73.18,75.17 2 0
TenderServiceApi/internal/repository/tender/tender.go:75.17,77.4 1 0
TenderServiceApi/internal/repository/tender/tender.go:78.3,78.36 1 0
TenderServiceApi/internal/repository/tender/tender.go:81.2,81.21 1 0
TenderServiceApi/internal/repository/tender/tender.go:84.108,90.16 4 0
TenderServiceApi/internal/repository/tender/tender.go:90.16,92.3 1 0
TenderServiceApi/internal/repository/tender/tender.go:93.2,97.35 3 0
TenderServiceApi/internal/repository/tender/tender.go:97.35,99.3 1 0
TenderServiceApi/internal/repository/tender/tender.go:101.2,101.16 1 0
TenderServiceApi/internal/repository/tender/tender.go:101.16,103.3 1 0
TenderServiceApi/internal/repository/tender/tender.go:105.2,105.11 1 0
TenderServiceApi/internal/repository/tender/tender.go:105.11,107.3 1 0
TenderServiceApi/internal/repository/tender/tender.go:108.2,108.46 1 0
TenderServiceApi/internal/repository/tender/tender.go:111.92,118.35 5 0
TenderServiceApi/internal/repository/tender/tender.go:118.35,120.3 1 0
TenderServiceApi/internal/repository/tender/tender.go:121.2,121.16 1 0
TenderServiceApi/internal/repository/tender/tender.go:121.16,123.3 1 0
TenderServiceApi/internal/repository/tender/tender.go:125.2,128.35 3 0
TenderServiceApi/internal/repository/tender/tender.go:128.35,130.3 1 0
TenderServiceApi/internal/repository/tender/tender.go:132.2,132.16 1 0
TenderServiceApi/internal/repository/tender/tender.go:132.16,134.3 1 0
TenderServiceApi/internal/repository/tender/tender.go:136.2,136.26 1 0
TenderServiceApi/internal/repository/tender/tender.go:139.96,150.16 6 0
TenderServiceApi/internal/repository/tender/tender.go:150.16,152.3 1 0
TenderServiceApi/internal/repository/tender/tender.go:154.2,157.16 3 0
TenderServiceApi/internal/repository/tender/tender.go:157.16,159.3 1 0
TenderServiceApi/internal/repository/tender/tender.go:160.2,162.23 2 0
TenderServiceApi/internal/repository/tender/tender.go:165.116,173.16 7 0
TenderServiceApi/internal/repository/tender/tender.go:173.16,175.3 1 0
TenderServiceApi/internal/repository/tender/tender.go:177.2,178.16 2 0
TenderServiceApi/internal/repository/tender/tender.go:178.16,180.3 1 0
TenderServiceApi/internal/repository/tender/tender.go:182.2,182.23 1 0
TenderServiceApi/internal/repository/tender/tender.go:185.101,191.35 5 0
TenderServiceApi/internal/repository/tender/tender.go:191.35,193.3 1 0
TenderServiceApi/internal/repository/tender/tender.go:194.2,194.16 1 0
TenderServiceApi/internal/repository/tender/tender.go:194.16,196.3 1 0
TenderServiceApi/internal/repository/tender/tender.go:198.2,200.16 3 0
TenderServiceApi/internal/repository/tender/tender.go:200.16,202.3 1 0
TenderServiceApi/internal/repository/tender/tender.go:204.2,205.16 2 0
TenderServiceApi/internal/repository/tender/tender.go:205.16,207.3 1 0
TenderServiceApi/internal/repository/tender/tender.go:209.2,209.18 1 0
TenderServiceApi/internal/repository/tender/tender.go:214.70,219.2 4 0
TenderServiceApi/internal/repository/tender/type.go:17.38,27.2 1 0
TenderServiceApi/internal/repository/tender/type.go:29.32,39.2 1 0
TenderServiceApi/internal/repository/organization/organization.go:18.45,20.2 1 0
TenderServiceApi/internal/repository/organization/organization.go:22.92,25.18 3 0
TenderServiceApi/internal/repository/organization/organization.go:25.18,27.3 1 0
TenderServiceApi/internal/repository/organization/organization.go:29.2,32.35 3 0
TenderServiceApi/internal/repository/organization/organization.go:32.35,34.3 1 0
TenderServiceApi/internal/repository/organization/organization.go:35.2,35.16 1 0
TenderServiceApi/internal/repository/organization/organization.go:35.16,37.3 1 0
TenderServiceApi/internal/repository/organization/organization.go:39.2,39.29 1 0
TenderServiceApi/internal/repository/organization/organization.go:42.139,49.35 6 0
TenderServiceApi/internal/repository/organization/organization.go:49.35,51.3 1 0
TenderServiceApi/internal/repository/organization/organization.go:52.2,52.16 1 0
TenderServiceApi/internal/repository/organization/organization.go:52.16,54.3 1 0
TenderServiceApi/internal/repository/organization/organization.go:56.2,57.16 2 0
TenderServiceApi/internal/repository/organization/organization.go:57.16,59.3 1 0
TenderServiceApi/internal/repository/organization/organization.go:61.2,61.20 1 0
TenderServiceApi/internal/repository/organization/organization.go:64.112,72.35 6 0
TenderServiceApi/internal/repository/organization/organization.go:72.35,74.3 1 0
TenderServiceApi/internal/repository/organization/organization.go:75.2,75.16 1 0
TenderServiceApi/internal/repository/organization/organization.go:75.16,77.3 1 0
TenderServiceApi/internal/repository/organization/organization.go:79.2,80.16 2 0
TenderServiceApi/internal/repository/organization/organization.go:80.16,82.3 1 0
TenderServiceApi/internal/repository/organization/organization.go:84.2,84.20 1 0
TenderServiceApi/internal/repository/organization/organization.go:89.84,94.2 4 0
TenderServiceApi/internal/repository/organization/organization.go:96.106,101.2 4 0
TenderServiceApi/internal/repository/organization/type.go:20.56,27.2 1 0
TenderServiceApi/internal/repository/organization/type.go:29.78,35.2 1 0
TenderServiceApi/internal/handlers/tender/update/handler.go:35.54,39.2 1 0
TenderServiceApi/internal/handlers/tender/update/handler.go:41.51,44.2 2 0
TenderServiceApi/internal/handlers/tender/update/handler.go:47.65,48.34 1 0
TenderServiceApi/internal/handlers/tender/update/handler.go:48.34,51.3 2 0
TenderServiceApi/internal/handlers/tender/update/handler.go:53.2,56.24 3 0
TenderServiceApi/internal/handlers/tender/update/handler.go:56.24,59.3 2 0
TenderServiceApi/internal/handlers/tender/update/handler.go:61.2,63.16 2 0
TenderServiceApi/internal/handlers/tender/update/handler.go:63.16,67.3 3 0
TenderServiceApi/internal/handlers/tender/update/handler.go:69.2,69.17 1 0
TenderServiceApi/internal/handlers/tender/update/handler.go:69.17,72.3 2 0
TenderServiceApi/internal/handlers/tender/update/handler.go:74.2,75.15 2 0
TenderServiceApi/internal/handlers/tender/update/handler.go:75.15,78.3 2 0
TenderServiceApi/internal/handlers/tender/update/handler.go:80.2,82.16 3 0
TenderServiceApi/internal/handlers/tender/update/handler.go:82.16,86.3 3 0
TenderServiceApi/internal/handlers/tender/update/handler.go:88.2,89.16 2 0
TenderServiceApi/internal/handlers/tender/update/handler.go:89.16,93.3 3 0
TenderServiceApi/internal/handlers/tender/update/handler.go:95.2,98.16 3 0
TenderServiceApi/internal/handlers/tender/update/handler.go:98.16,102.3 3 0
TenderServiceApi/internal/handlers/tender/update/handler.go:104.2,105.16 2 0
TenderServiceApi/internal/handlers/tender/update/handler.go:105.16,108.3 2 0
TenderServiceApi/internal/handlers/tender/update/handler.go:110.2,110.30 1 0
TenderServiceApi/internal/handlers/tender/update/handler.go:114.68,115.32 1 0
TenderServiceApi/internal/handlers/tender/update/handler.go:115.32,118.3 2 0
TenderServiceApi/internal/handlers/tender/update/handler.go:120.2,123.24 3 0
TenderServiceApi/internal/handlers/tender/update/handler.go:123.24,126.3 2 0
TenderServiceApi/internal/handlers/tender/update/handler.go:128.2,129.15 2 0
TenderServiceApi/internal/handlers/tender/update/handler.go:129.15,132.3 2 0
TenderServiceApi/internal/handlers/tender/update/handler.go:134.2,135.20 2 0
TenderServiceApi/internal/handlers/tender/update/handler.go:135.20,138.3 2 0
TenderServiceApi/internal/handlers/tender/update/handler.go:140.2,142.85 2 0
TenderServiceApi/internal/handlers/tender/update/handler.go:142.85,146.3 3 0
TenderServiceApi/internal/handlers/tender/update/handler.go:147.2,147.16 1 0
TenderServiceApi/internal/handlers/tender/update/handler.go:147.16,151.3 3 0
TenderServiceApi/internal/handlers/tender/update/handler.go:153.2,156.16 3 0
TenderServiceApi/internal/handlers/tender/update/handler.go:156.16,160.3 3 0
TenderServiceApi/internal/handlers/tender/update/handler.go:162.2,163.16 2 0
TenderServiceApi/internal/handlers/tender/update/handler.go:163.16,167.3 3 0
TenderServiceApi/internal/handlers/tender/update/handler.go:169.2,169.30 1 0
TenderServiceApi/internal/usecases/organization/fetch/organization.go:18.40,20.2 1 0
TenderServiceApi/internal/usecases/organization/fetch/organization.go:22.85,24.2 1 0
TenderServiceApi/internal/usecases/organization/fetch/organization.go:26.109,28.2 1 0
TenderServiceApi/internal/model/tender.go:19.47,21.2 1 0
TenderServiceApi/internal/model/tender.go:23.48,25.9 2 0
TenderServiceApi/internal/model/tender.go:25.9,27.3 1 0
TenderServiceApi/internal/model/tender.go:29.2,29.30 1 0
TenderServiceApi/internal/usecases/organization/verification/organization.go:17.40,19.2 1 0
TenderServiceApi/internal/usecases/organization/verification/organization.go:21.136,23.2 1 0
TenderServiceApi/internal/usecases/tender/create/tender.go:22.93,24.2 1 0
TenderServiceApi/internal/usecases/tender/create/tender.go:26.133,28.16 2 0
TenderServiceApi/internal/usecases/tender/create/tender.go:28.16,30.3 1 0
TenderServiceApi/internal/usecases/tender/create/tender.go:32.2,33.40 2 0
TenderServiceApi/internal/usecases/tender/fetch/tender.go:24.81,26.2 1 0
TenderServiceApi/internal/usecases/tender/fetch/tender.go:28.94,30.2 1 0
TenderServiceApi/internal/usecases/tender/fetch/tender.go:32.97,34.2 1 0
TenderServiceApi/internal/usecases/tender/fetch/tender.go:36.108,38.16 2 0
TenderServiceApi/internal/usecases/tender/fetch/tender.go:38.16,40.3 1 0
TenderServiceApi/internal/usecases/tender/fetch/tender.go:42.2,43.16 2 0
TenderServiceApi/internal/usecases/tender/fetch/tender.go:43.16,45.3 1 0
TenderServiceApi/internal/usecases/tender/fetch/tender.go:47.2,47.20 1 0
TenderServiceApi/internal/usecases/tender/edite/tender.go:30.144,32.2 1 0
TenderServiceApi/internal/usecases/tender/edite/tender.go:34.60,39.66 3 0
TenderServiceApi/internal/usecases/tender/edite/tender.go:39.66,41.3 1 0
TenderServiceApi/internal/usecases/tender/edite/tender.go:43.2,47.41 3 0
TenderServiceApi/internal/usecases/tender/edite/tender.go:47.41,53.14 4 0
TenderServiceApi/internal/usecases/tender/edite/tender.go:53.14,56.4 1 0
TenderServiceApi/internal/usecases/tender/edite/tender.go:60.120,62.16 2 0
TenderServiceApi/internal/usecases/tender/edite/tender.go:62.16,64.3 1 0
TenderServiceApi/internal/usecases/tender/edite/tender.go:66.2,67.16 2 0
TenderServiceApi/internal/usecases/tender/edite/tender.go:67.16,69.3 1 0
TenderServiceApi/internal/usecases/tender/edite/tender.go:71.2,74.16 3 0
TenderServiceApi/internal/usecases/tender/edite/tender.go:74.16,76.3 1 0
TenderServiceApi/internal/usecases/tender/edite/tender.go:78.2,79.16 2 0
TenderServiceApi/internal/usecases/tender/edite/tender.go:79.16,81.3 1 0
TenderServiceApi/internal/usecases/tender/edite/tender.go:83.2,83.18 1 0
TenderServiceApi/internal/usecases/tender/edite/tender.go:86.115,88.16 2 0
TenderServiceApi/internal/usecases/tender/edite/tender.go:88.16,90.3 1 0
TenderServiceApi/internal/usecases/tender/edite/tender.go:93.2,94.16 2 0
TenderServiceApi/internal/usecases/tender/edite/tender.go:94.16,96.3 1 0
TenderServiceApi/internal/usecases/tender/edite/tender.go:98.2,99.16 2 0
TenderServiceApi/internal/usecases/tender/edite/tender.go:99.16,101.3 1 0
TenderServiceApi/internal/usecases/tender/edite/tender.go:103.2,104.16 2 0
TenderServiceApi/internal/usecases/tender/edite/tender.go:104.16,106.3 1 0
TenderServiceApi/internal/usecases/tender/edite/tender.go:108.2,108.18 1 0
TenderServiceApi/internal/usecases/tender/verification/tender.go:15.40,17.2 1 0
TenderServiceApi/internal/usecases/tender/verification/tender.go:19.105,21.2 1 0
TenderServiceApi/test/helper.go:11.54,12.47 1 0
TenderServiceApi/test/helper.go:12.47,14.3 1 0
TenderServiceApi/test/helper.go:16.2,16.44 1 0
TenderServiceApi/test/helper.go:16.44,18.3 1 0
TenderServiceApi/test/helper.go:19.2,19.12 1 0
TenderServiceApi/test/helper.go:22.47,26.55 2 0
TenderServiceApi/test/helper.go:26.55,28.3 1 0
TenderServiceApi/test/helper.go:29.2,29.12 1 0
TenderServiceApi/internal/handlers/tender/fetch/handler.go:30.55,34.2 1 1
TenderServiceApi/internal/handlers/tender/fetch/handler.go:36.51,40.2 3 0
TenderServiceApi/internal/handlers/tender/fetch/handler.go:42.69,43.32 1 1
TenderServiceApi/internal/handlers/tender/fetch/handler.go:43.32,46.3 2 1
TenderServiceApi/internal/handlers/tender/fetch/handler.go:47.2,51.41 3 1
TenderServiceApi/internal/handlers/tender/fetch/handler.go:51.41,54.3 2 1
TenderServiceApi/internal/handlers/tender/fetch/handler.go:56.2,57.16 2 1
TenderServiceApi/internal/handlers/tender/fetch/handler.go:57.16,61.3 3 1
TenderServiceApi/internal/handlers/tender/fetch/handler.go:63.2,64.16 2 1
TenderServiceApi/internal/handlers/tender/fetch/handler.go:64.16,68.3 3 0
TenderServiceApi/internal/handlers/tender/fetch/handler.go:70.2,70.26 1 1
TenderServiceApi/internal/handlers/tender/fetch/handler.go:70.26,73.3 2 1
TenderServiceApi/internal/handlers/tender/fetch/handler.go:75.2,76.16 2 1
TenderServiceApi/internal/handlers/tender/fetch/handler.go:76.16,80.3 3 0
TenderServiceApi/internal/handlers/tender/fetch/handler.go:82.2,82.30 1 1
TenderServiceApi/internal/handlers/tender/fetch/handler.go:85.75,86.32 1 1
TenderServiceApi/internal/handlers/tender/fetch/handler.go:86.32,89.3 2 1
TenderServiceApi/internal/handlers/tender/fetch/handler.go:90.2,93.41 3 1
TenderServiceApi/internal/handlers/tender/fetch/handler.go:93.41,96.3 2 1
TenderServiceApi/internal/handlers/tender/fetch/handler.go:98.2,99.16 2 1
TenderServiceApi/internal/handlers/tender/fetch/handler.go:99.16,103.3 3 1
TenderServiceApi/internal/handlers/tender/fetch/handler.go:105.2,106.16 2 1
TenderServiceApi/internal/handlers/tender/fetch/handler.go:106.16,110.3 3 0
TenderServiceApi/internal/handlers/tender/fetch/handler.go:111.2,111.23 1 1
TenderServiceApi/internal/handlers/tender/fetch/handler.go:111.23,114.3 2 1
TenderServiceApi/internal/handlers/tender/fetch/handler.go:115.2,116.16 2 1
TenderServiceApi/internal/handlers/tender/fetch/handler.go:116.16,120.3 3 0
TenderServiceApi/internal/handlers/tender/fetch/handler.go:122.2,122.30 1 1
TenderServiceApi/internal/handlers/tender/fetch/handler.go:125.71,126.32 1 1
TenderServiceApi/internal/handlers/tender/fetch/handler.go:126.32,129.3 2 1
TenderServiceApi/internal/handlers/tender/fetch/handler.go:131.2,135.65 4 1
TenderServiceApi/internal/handlers/tender/fetch/handler.go:135.65,138.3 2 1
TenderServiceApi/internal/handlers/tender/fetch/handler.go:140.2,141.52 2 1
TenderServiceApi/internal/handlers/tender/fetch/handler.go:141.52,145.3 3 1
TenderServiceApi/internal/handlers/tender/fetch/handler.go:146.2,146.35 1 1
TenderServiceApi/internal/handlers/tender/fetch/handler.go:146.35,150.3 3 1
TenderServiceApi/internal/handlers/tender/fetch/handler.go:151.2,151.16 1 1
TenderServiceApi/internal/handlers/tender/fetch/handler.go:151.16,155.3 3 1
TenderServiceApi/internal/handlers/tender/fetch/handler.go:157.2,158.16 2 1
TenderServiceApi/internal/handlers/tender/fetch/handler.go:158.16,162.3 3 0
TenderServiceApi/internal/handlers/tender/fetch/handler.go:164.2,165.16 2 1
TenderServiceApi/internal/handlers/tender/fetch/handler.go:165.16,169.3 3 0
TenderServiceApi/internal/handlers/tender/fetch/handler.go:171.2,171.30 1 1
TenderServiceApi/internal/model/tender.go:19.47,21.2 1 0
TenderServiceApi/internal/model/tender.go:23.48,25.9 2 0
TenderServiceApi/internal/model/tender.go:25.9,27.3 1 0
TenderServiceApi/internal/model/tender.go:29.2,29.30 1 0
